<?xml version="1.0" encoding="UTF-8"?>
<!-- Generated by org.testng.reporters.JUnitReportReporter -->
<testsuite hostname="Dell" failures="0" tests="2" name="Test_Clasess.Task_2_VerifyUser" time="16.393" errors="0" timestamp="2023-01-09T17:36:54 IST" skipped="0">
  <testcase classname="Test_Clasess.Task_2_VerifyUser" name="VerifyUserLogin" time="13.329"/>
  <system-out/>
  <testcase classname="Test_Clasess.Task_2_VerifyUser" name="VerifyUser_Home" time="3.064"/>
  <system-out/>
</testsuite> <!-- Test_Clasess.Task_2_VerifyUser -->
