<?xml version="1.0" encoding="UTF-8"?>
<!-- Generated by org.testng.reporters.JUnitReportReporter -->
<testsuite hostname="Dell" failures="0" tests="13" name="Test_Clasess.Task_1_VerifyUser" time="75.675" errors="0" timestamp="2022-11-27T15:31:28 IST" skipped="0">
  <testcase classname="Test_Clasess.Task_1_VerifyUser" name="VerifyUser_Login" time="13.271"/>
  <system-out/>
  <testcase classname="Test_Clasess.Task_1_VerifyUser" name="VerifyUser_Home" time="10.876"/>
  <system-out/>
  <testcase classname="Test_Clasess.Task_1_VerifyUser" name="VerifyUser_DetailsProfile" time="9.389"/>
  <system-out/>
  <testcase classname="Test_Clasess.Task_1_VerifyUser" name="VerifyUserForm_Interview" time="3.220"/>
  <system-out/>
  <testcase classname="Test_Clasess.Task_1_VerifyUser" name="VerifyUserTaxYearForm" time="4.016"/>
  <system-out/>
  <testcase classname="Test_Clasess.Task_1_VerifyUser" name="VerifyUserTentativeTaxandPayments" time="7.009"/>
  <system-out/>
  <testcase classname="Test_Clasess.Task_1_VerifyUser" name="VerifyUserSummaryForm" time="2.918"/>
  <system-out/>
  <testcase classname="Test_Clasess.Task_1_VerifyUser" name="VerifyUserInprogressReturns" time="0.432"/>
  <system-out/>
  <testcase classname="Test_Clasess.Task_1_VerifyUser" name="VerifyUserAuditForm7004" time="5.041"/>
  <system-out/>
  <testcase classname="Test_Clasess.Task_1_VerifyUser" name="VerifyUserFilingFeesForm7004" time="2.863"/>
  <system-out/>
  <testcase classname="Test_Clasess.Task_1_VerifyUser" name="VerifyUserPaymentPagevisiable" time="0.039"/>
  <system-out/>
  <testcase classname="Test_Clasess.Task_1_VerifyUser" name="VerifyUserLogOutUser" time="10.827"/>
  <system-out/>
  <testcase classname="Test_Clasess.Task_1_VerifyUser" name="VerifyUser_LoginBack" time="5.774"/>
  <system-out/>
</testsuite> <!-- Test_Clasess.Task_1_VerifyUser -->
