<?xml version="1.0" encoding="UTF-8"?>
<!-- Generated by org.testng.reporters.JUnitReportReporter -->
<testsuite hostname="Dell" failures="0" tests="1" name="Test_Clasess.NewTest" time="0.248" errors="0" timestamp="2022-06-28T11:57:33 IST" skipped="0">
  <testcase classname="Test_Clasess.NewTest" name="VerifyUserLogin" time="0.248"/>
  <system-out/>
</testsuite> <!-- Test_Clasess.NewTest -->
