<?xml version="1.0" encoding="UTF-8"?>
<!-- Generated by org.testng.reporters.JUnitReportReporter -->
<testsuite hostname="Dell" failures="0" tests="2" name="Test_Clasess.Task_2_VerifyUser" time="41.482" errors="0" timestamp="2023-01-11T17:34:53 IST" skipped="0">
  <testcase classname="Test_Clasess.Task_2_VerifyUser" name="VerifyUserLogin" time="35.047"/>
  <system-out/>
  <testcase classname="Test_Clasess.Task_2_VerifyUser" name="VerifyUser_Home" time="6.435"/>
  <system-out/>
</testsuite> <!-- Test_Clasess.Task_2_VerifyUser -->
