<?xml version="1.0" encoding="UTF-8"?>
<!-- Generated by org.testng.reporters.JUnitReportReporter -->
<testsuite hostname="Dell" failures="0" tests="3" name="Test_Clasess.VerifyUserCanLogin" time="18.598" errors="0" timestamp="2022-11-26T10:11:28 IST" skipped="0">
  <testcase classname="Test_Clasess.VerifyUserCanLogin" name="VerifyUserLogin" time="8.559"/>
  <system-out/>
  <testcase classname="Test_Clasess.VerifyUserCanLogin" name="VerifyUserHome" time="5.058"/>
  <system-out/>
  <testcase classname="Test_Clasess.VerifyUserCanLogin" name="VerifyUserDetailsProfile" time="4.981"/>
  <system-out/>
</testsuite> <!-- Test_Clasess.VerifyUserCanLogin -->
